2021-03-03 14:28:05.5574 SqlSugar.SqlSugarException: English Message : Expression parsing does not support the current function GetDateTime. There are many functions available in the SqlFunc class, for example, it=>SqlFunc.HasValue(it.Id)
Chinese Message : 拉姆达解析不支持当前函数GetDateTime，SqlFunc这个类里面有大量函数可用,也许有你想要的，例如： it=>SqlFunc.HasValue(it.Id)
   at SqlSugar.Check.Exception(Boolean isException, String message, String[] args)
   at SqlSugar.MethodCallExpressionResolve.CusMethod(ExpressionParameter parameter, MethodCallExpression express, Nullable`1 isLeft)
   at SqlSugar.MethodCallExpressionResolve.SqlFuncMethod(ExpressionParameter parameter, MethodCallExpression express, Nullable`1 isLeft)
   at SqlSugar.MethodCallExpressionResolve..ctor(ExpressionParameter parameter)
   at SqlSugar.BaseResolve.Start()
   at SqlSugar.ExpressionContext.Resolve(Expression expression, ResolveExpressType resolveType)
   at SqlSugar.BaseResolve.GetMethodCallArgs(ExpressionParameter parameter, Expression item)
   at SqlSugar.MethodCallExpressionResolve.AppendItem(ExpressionParameter parameter, String name, IEnumerable`1 args, MethodCallExpressionModel model, Expression item)
   at SqlSugar.MethodCallExpressionResolve.Where(ExpressionParameter parameter, Nullable`1 isLeft, String name, IEnumerable`1 args, MethodCallExpressionModel model, List`1 appendArgs)
   at SqlSugar.MethodCallExpressionResolve.NativeExtensionMethod(ExpressionParameter parameter, MethodCallExpression express, Nullable`1 isLeft, String name, List`1 appendArgs)
   at SqlSugar.MethodCallExpressionResolve..ctor(ExpressionParameter parameter)
   at SqlSugar.BaseResolve.Start()
   at SqlSugar.ExpressionContext.Resolve(Expression expression, ResolveExpressType resolveType)
   at SqlSugar.BaseResolve.GetMethodCallArgs(ExpressionParameter parameter, Expression item)
   at SqlSugar.MethodCallExpressionResolve.AppendItem(ExpressionParameter parameter, String name, IEnumerable`1 args, MethodCallExpressionModel model, Expression item)
   at SqlSugar.MethodCallExpressionResolve.Select(ExpressionParameter parameter, Nullable`1 isLeft, String name, IEnumerable`1 args, MethodCallExpressionModel model, List`1 appendArgs)
   at SqlSugar.ConditionalExpressionResolve..ctor(ExpressionParameter parameter)
   at SqlSugar.BaseResolve.Start()
   at SqlSugar.BaseResolve.ResolveNewExpressions(ExpressionParameter parameter, Expression item, String asName)
   at SqlSugar.MemberInitExpressionResolve.Select(MemberInitExpression expression, ExpressionParameter parameter, Boolean isSingle)
   at SqlSugar.MemberInitExpressionResolve..ctor(ExpressionParameter parameter)
   at SqlSugar.BaseResolve.Start()
   at SqlSugar.LambdaExpressionResolve..ctor(ExpressionParameter parameter)
   at SqlSugar.BaseResolve.Start()
   at SqlSugar.ExpressionContext.Resolve(Expression expression, ResolveExpressType resolveType)
   at SqlSugar.QueryBuilder.GetExpressionValue(Expression expression, ResolveExpressType resolveType)
   at SqlSugar.QueryBuilder.GetSelectValueByExpression()
   at SqlSugar.QueryBuilder.get_GetSelectValue()
   at SqlSugar.QueryBuilder.ToSqlString()
   at SqlSugar.QueryableProvider`1.ToSql()
   at SqlSugar.QueryableProvider`1._ToListAsync[TResult]()
   at SqlSugar.QueryableProvider`1.FirstAsync()
   at WmsPrism.Services.BillServices.GetBillList(String Bill_no) in C:\Users\a4094\Desktop\Wms Extends\WmsPrism\WmsPrism.Services\BillServices.cs:line 18
   at WmsPrism.ViewModels.BillCheck.BillSearchViewModel.Query() in C:\Users\a4094\Desktop\Wms Extends\WmsPrism\WmsPrism\ViewModels\BillCheck\BillSearchViewModel.cs:line 68
