2021-04-06 14:33:41.8318 System.NullReferenceException: Object reference not set to an instance of an object.
   at SqlSugar.ExpressionTool.GetMemberValue(MemberInfo member, Expression expression)
   at SqlSugar.MemberConstExpressionResolve..ctor(ExpressionParameter parameter)
   at SqlSugar.BaseResolve.Start()
   at SqlSugar.BinaryExpressionResolve.Other(ExpressionParameter parameter)
   at SqlSugar.BinaryExpressionResolve..ctor(ExpressionParameter parameter)
   at SqlSugar.BaseResolve.Start()
   at SqlSugar.LambdaExpressionResolve..ctor(ExpressionParameter parameter)
   at SqlSugar.BaseResolve.Start()
   at SqlSugar.ExpressionContext.Resolve(Expression expression, ResolveExpressType resolveType)
   at SqlSugar.QueryBuilder.GetExpressionValue(Expression expression, ResolveExpressType resolveType)
   at SqlSugar.QueryableProvider`1._Where(Expression expression)
   at SqlSugar.QueryableProvider`1.Where(Expression`1 expression)
   at WmsPrism.Services.BingCargoServices.AddBarCodeWayBill(Int32 billid, String barcode, String wayBillno, Int32 userId)
2021-04-06 14:37:06.6084 SqlSugar.SqlSugarException: .Single()  result must not exceed one . You can use.First()
   at SqlSugar.Check.Exception(Boolean isException, String message, String[] args)
   at SqlSugar.QueryableProvider`1.SingleAsync()
   at WmsPrism.Services.BingCargoServices.AddBarCodeWayBill(Int32 billid, String barcode, String wayBillno, Int32 userId)
2021-04-06 14:37:40.7264 SqlSugar.SqlSugarException: .Single()  result must not exceed one . You can use.First()
   at SqlSugar.Check.Exception(Boolean isException, String message, String[] args)
   at SqlSugar.QueryableProvider`1.SingleAsync()
   at WmsPrism.Services.BingCargoServices.AddBarCodeWayBill(Int32 billid, String barcode, String wayBillno, Int32 userId)
2021-04-06 14:40:56.5487 SqlSugar.SqlSugarException: .Single()  result must not exceed one . You can use.First()
   at SqlSugar.Check.Exception(Boolean isException, String message, String[] args)
   at SqlSugar.QueryableProvider`1.SingleAsync()
   at WmsPrism.Services.BingCargoServices.AddBarCodeWayBill(Int32 billid, String barcode, String wayBillno, Int32 userId)
2021-04-06 14:43:12.9884 SqlSugar.SqlSugarException: .Single()  result must not exceed one . You can use.First()
   at SqlSugar.Check.Exception(Boolean isException, String message, String[] args)
   at SqlSugar.QueryableProvider`1.SingleAsync()
   at WmsPrism.Services.BingCargoServices.AddBarCodeWayBill(Int32 billid, String barcode, String wayBillno, Int32 userId)
